D:\Users\Gabriel\My Documents\CPP\Targetting_for_FRC_and_future_generations\Debug\cl.command.1.tlog
D:\Users\Gabriel\My Documents\CPP\Targetting_for_FRC_and_future_generations\Debug\CL.read.1.tlog
D:\Users\Gabriel\My Documents\CPP\Targetting_for_FRC_and_future_generations\Debug\CL.write.1.tlog
D:\Users\Gabriel\My Documents\CPP\Targetting_for_FRC_and_future_generations\Debug\link.command.1.tlog
D:\Users\Gabriel\My Documents\CPP\Targetting_for_FRC_and_future_generations\Debug\link.read.1.tlog
D:\Users\Gabriel\My Documents\CPP\Targetting_for_FRC_and_future_generations\Debug\link.write.1.tlog
D:\Users\Gabriel\My Documents\CPP\Targetting_for_FRC_and_future_generations\Debug\mt.command.1.tlog
D:\Users\Gabriel\My Documents\CPP\Targetting_for_FRC_and_future_generations\Debug\mt.read.1.tlog
D:\Users\Gabriel\My Documents\CPP\Targetting_for_FRC_and_future_generations\Debug\mt.write.1.tlog
D:\USERS\GABRIEL\MY DOCUMENTS\CPP\TARGETTING_FOR_FRC_AND_FUTURE_GENERATIONS\DEBUG\NEURALNET.OBJ
D:\USERS\GABRIEL\MY DOCUMENTS\CPP\TARGETTING_FOR_FRC_AND_FUTURE_GENERATIONS\DEBUG\NEURALNET_TEST.OBJ
D:\USERS\GABRIEL\MY DOCUMENTS\CPP\TARGETTING_FOR_FRC_AND_FUTURE_GENERATIONS\DEBUG\TARGETTING.OBJ
D:\USERS\GABRIEL\MY DOCUMENTS\CPP\TARGETTING_FOR_FRC_AND_FUTURE_GENERATIONS\DEBUG\TARGETTING_FOR_FRC_AND_FUTURE_GENERATIONS.EXE
D:\USERS\GABRIEL\MY DOCUMENTS\CPP\TARGETTING_FOR_FRC_AND_FUTURE_GENERATIONS\DEBUG\TARGETTING_FOR_FRC_AND_FUTURE_GENERATIONS.EXE.INTERMEDIATE.MANIFEST
D:\USERS\GABRIEL\MY DOCUMENTS\CPP\TARGETTING_FOR_FRC_AND_FUTURE_GENERATIONS\DEBUG\TARGETTING_FOR_FRC_AND_FUTURE_GENERATIONS.ILK
D:\USERS\GABRIEL\MY DOCUMENTS\CPP\TARGETTING_FOR_FRC_AND_FUTURE_GENERATIONS\DEBUG\TARGETTING_FOR_FRC_AND_FUTURE_GENERATIONS.PDB
D:\Users\Gabriel\My Documents\CPP\Targetting_for_FRC_and_future_generations\Debug\Targetting_for_FRC_and_future_generations.write.1.tlog
D:\USERS\GABRIEL\MY DOCUMENTS\CPP\TARGETTING_FOR_FRC_AND_FUTURE_GENERATIONS\DEBUG\TARGETTING_VEETWO.OBJ
D:\USERS\GABRIEL\MY DOCUMENTS\CPP\TARGETTING_FOR_FRC_AND_FUTURE_GENERATIONS\DEBUG\TESTMAIN.OBJ
D:\Users\Gabriel\My Documents\CPP\Targetting_for_FRC_and_future_generations\Debug\vc100.idb
D:\USERS\GABRIEL\MY DOCUMENTS\CPP\TARGETTING_FOR_FRC_AND_FUTURE_GENERATIONS\DEBUG\VC100.PDB
